<?xml version="1.0" encoding="UTF-8" ?>
<testsuite tests="10" failures="0" name="core.AllaTest" time="0.084" errors="0" skipped="2">
  <properties>
[...]
</properties>
  <testcase classname="core.AllaTest" name="Test_05_assertSame_Negative" time="0.01"/>
  <testcase classname="core.AllaTest" name="Test_07_assertFalse_Positive" time="0.001"/>
  <testcase classname="core.AllaTest" name="Test_09_assertTrue_Positive" time="0.02"/>
  <testcase classname="core.AllaTest" name="Test_03_assertEquals_Ignored" time="0.02">
    <skipped/>
  </testcase>
  <testcase classname="core.AllaTest" name="Test_10_assertTrue_Negative" time="0.002"/>
  <testcase classname="core.AllaTest" name="Test_06_assertSame_Ignored" time="0.002">
    <skipped/>
  </testcase>
  <testcase classname="core.AllaTest" name="Test_01_assertEquals_Positive" time="0.006"/>
  <testcase classname="core.AllaTest" name="Test_08_assertFalse_Negative" time="0.007"/>
  <testcase classname="core.AllaTest" name="Test_02_assertEquals_Negative" time="0.007"/>
  <testcase classname="core.AllaTest" name="Test_04_assertSame_Positive" time="0.009"/>
</testsuite>